26/05 - 10:28 [main] INFO  c.e.t.TodolistSpringReactApplication - Info message from main
26/05 - 10:28 [main] WARN  c.e.t.TodolistSpringReactApplication - Warning message from main
26/05 - 10:28 [main] ERROR c.e.t.TodolistSpringReactApplication - Error message from main
26/05 - 10:28 [background-preinit] INFO  o.h.validator.internal.util.Version - HV000001: Hibernate Validator 8.0.1.Final
26/05 - 10:28 [main] INFO  c.e.t.TodolistSpringReactApplication - Starting TodolistSpringReactApplication using Java 20.0.1 with PID 16864 (D:\IT\1.java\4.spring\1. practicefindjob\2.todolist_spring_react\todolist_spring_react\todolist_spring_react\target\classes started by Dell in D:\IT\1.java\4.spring\1. practicefindjob\2.todolist_spring_react\todolist_spring_react\todolist_spring_react)
26/05 - 10:28 [main] INFO  c.e.t.TodolistSpringReactApplication - No active profile set, falling back to 1 default profile: "default"
26/05 - 10:28 [main] INFO  o.s.d.r.c.RepositoryConfigurationDelegate - Bootstrapping Spring Data JPA repositories in DEFAULT mode.
26/05 - 10:28 [main] INFO  o.s.d.r.c.RepositoryConfigurationDelegate - Finished Spring Data repository scanning in 17 ms. Found 0 JPA repository interfaces.
26/05 - 10:28 [main] INFO  o.s.b.w.e.tomcat.TomcatWebServer - Tomcat initialized with port 8080 (http)
26/05 - 10:28 [main] INFO  o.a.coyote.http11.Http11NioProtocol - Initializing ProtocolHandler ["http-nio-8080"]
26/05 - 10:28 [main] INFO  o.a.catalina.core.StandardService - Starting service [Tomcat]
26/05 - 10:28 [main] INFO  o.a.catalina.core.StandardEngine - Starting Servlet engine: [Apache Tomcat/10.1.24]
26/05 - 10:28 [main] INFO  o.a.c.c.C.[Tomcat].[localhost].[/] - Initializing Spring embedded WebApplicationContext
26/05 - 10:28 [main] INFO  o.s.b.w.s.c.ServletWebServerApplicationContext - Root WebApplicationContext: initialization completed in 1983 ms
26/05 - 10:28 [main] INFO  o.h.jpa.internal.util.LogHelper - HHH000204: Processing PersistenceUnitInfo [name: default]
26/05 - 10:28 [main] INFO  org.hibernate.Version - HHH000412: Hibernate ORM core version 6.5.2.Final
26/05 - 10:28 [main] INFO  o.h.c.i.RegionFactoryInitiator - HHH000026: Second-level cache disabled
26/05 - 10:28 [main] INFO  o.s.o.j.p.SpringPersistenceUnitInfo - No LoadTimeWeaver setup: ignoring JPA class transformer
26/05 - 10:28 [main] INFO  com.zaxxer.hikari.HikariDataSource - HikariPool-1 - Starting...
26/05 - 10:28 [main] INFO  com.zaxxer.hikari.pool.HikariPool - HikariPool-1 - Added connection com.mysql.cj.jdbc.ConnectionImpl@4b343b6d
26/05 - 10:28 [main] INFO  com.zaxxer.hikari.HikariDataSource - HikariPool-1 - Start completed.
26/05 - 10:28 [main] WARN  org.hibernate.orm.deprecation - HHH90000025: MySQL8Dialect does not need to be specified explicitly using 'hibernate.dialect' (remove the property setting and it will be selected by default)
26/05 - 10:28 [main] WARN  org.hibernate.orm.deprecation - HHH90000026: MySQL8Dialect has been deprecated; use org.hibernate.dialect.MySQLDialect instead
26/05 - 10:28 [main] INFO  o.h.e.t.j.p.i.JtaPlatformInitiator - HHH000489: No JTA platform available (set 'hibernate.transaction.jta.platform' to enable JTA platform integration)
26/05 - 10:28 [main] INFO  o.s.o.j.LocalContainerEntityManagerFactoryBean - Initialized JPA EntityManagerFactory for persistence unit 'default'
26/05 - 10:28 [main] WARN  o.s.b.a.o.j.JpaBaseConfiguration$JpaWebConfiguration - spring.jpa.open-in-view is enabled by default. Therefore, database queries may be performed during view rendering. Explicitly configure spring.jpa.open-in-view to disable this warning
26/05 - 10:28 [main] INFO  o.a.coyote.http11.Http11NioProtocol - Starting ProtocolHandler ["http-nio-8080"]
26/05 - 10:28 [main] INFO  o.s.b.w.e.tomcat.TomcatWebServer - Tomcat started on port 8080 (http) with context path '/'
26/05 - 10:28 [main] INFO  c.e.t.TodolistSpringReactApplication - Started TodolistSpringReactApplication in 4.978 seconds (process running for 5.784)
26/05 - 10:28 [SpringApplicationShutdownHook] INFO  o.s.o.j.LocalContainerEntityManagerFactoryBean - Closing JPA EntityManagerFactory for persistence unit 'default'
26/05 - 10:28 [SpringApplicationShutdownHook] INFO  com.zaxxer.hikari.HikariDataSource - HikariPool-1 - Shutdown initiated...
26/05 - 10:28 [SpringApplicationShutdownHook] INFO  com.zaxxer.hikari.HikariDataSource - HikariPool-1 - Shutdown completed.
26/05 - 10:28 [main] INFO  c.e.t.TodolistSpringReactApplication - Info message from main
26/05 - 10:28 [main] WARN  c.e.t.TodolistSpringReactApplication - Warning message from main
26/05 - 10:28 [main] ERROR c.e.t.TodolistSpringReactApplication - Error message from main
26/05 - 10:28 [background-preinit] INFO  o.h.validator.internal.util.Version - HV000001: Hibernate Validator 8.0.1.Final
26/05 - 10:28 [main] INFO  c.e.t.TodolistSpringReactApplication - Starting TodolistSpringReactApplication using Java 20.0.1 with PID 12168 (D:\IT\1.java\4.spring\1. practicefindjob\2.todolist_spring_react\todolist_spring_react\todolist_spring_react\target\classes started by Dell in D:\IT\1.java\4.spring\1. practicefindjob\2.todolist_spring_react\todolist_spring_react\todolist_spring_react)
26/05 - 10:28 [main] INFO  c.e.t.TodolistSpringReactApplication - No active profile set, falling back to 1 default profile: "default"
26/05 - 10:28 [main] INFO  o.s.d.r.c.RepositoryConfigurationDelegate - Bootstrapping Spring Data JPA repositories in DEFAULT mode.
26/05 - 10:28 [main] INFO  o.s.d.r.c.RepositoryConfigurationDelegate - Finished Spring Data repository scanning in 16 ms. Found 0 JPA repository interfaces.
26/05 - 10:28 [main] INFO  o.s.b.w.e.tomcat.TomcatWebServer - Tomcat initialized with port 8080 (http)
26/05 - 10:28 [main] INFO  o.a.coyote.http11.Http11NioProtocol - Initializing ProtocolHandler ["http-nio-8080"]
26/05 - 10:28 [main] INFO  o.a.catalina.core.StandardService - Starting service [Tomcat]
26/05 - 10:28 [main] INFO  o.a.catalina.core.StandardEngine - Starting Servlet engine: [Apache Tomcat/10.1.24]
26/05 - 10:28 [main] INFO  o.a.c.c.C.[Tomcat].[localhost].[/] - Initializing Spring embedded WebApplicationContext
26/05 - 10:28 [main] INFO  o.s.b.w.s.c.ServletWebServerApplicationContext - Root WebApplicationContext: initialization completed in 2338 ms
26/05 - 10:28 [main] INFO  o.h.jpa.internal.util.LogHelper - HHH000204: Processing PersistenceUnitInfo [name: default]
26/05 - 10:28 [main] INFO  org.hibernate.Version - HHH000412: Hibernate ORM core version 6.5.2.Final
26/05 - 10:28 [main] INFO  o.h.c.i.RegionFactoryInitiator - HHH000026: Second-level cache disabled
26/05 - 10:28 [main] INFO  o.s.o.j.p.SpringPersistenceUnitInfo - No LoadTimeWeaver setup: ignoring JPA class transformer
26/05 - 10:28 [main] INFO  com.zaxxer.hikari.HikariDataSource - HikariPool-1 - Starting...
26/05 - 10:28 [main] INFO  com.zaxxer.hikari.pool.HikariPool - HikariPool-1 - Added connection com.mysql.cj.jdbc.ConnectionImpl@6cd2cb2
26/05 - 10:28 [main] INFO  com.zaxxer.hikari.HikariDataSource - HikariPool-1 - Start completed.
26/05 - 10:28 [main] WARN  org.hibernate.orm.deprecation - HHH90000025: MySQL8Dialect does not need to be specified explicitly using 'hibernate.dialect' (remove the property setting and it will be selected by default)
26/05 - 10:28 [main] WARN  org.hibernate.orm.deprecation - HHH90000026: MySQL8Dialect has been deprecated; use org.hibernate.dialect.MySQLDialect instead
26/05 - 10:28 [main] INFO  o.h.e.t.j.p.i.JtaPlatformInitiator - HHH000489: No JTA platform available (set 'hibernate.transaction.jta.platform' to enable JTA platform integration)
26/05 - 10:28 [main] INFO  o.s.o.j.LocalContainerEntityManagerFactoryBean - Initialized JPA EntityManagerFactory for persistence unit 'default'
26/05 - 10:28 [main] WARN  o.s.b.a.o.j.JpaBaseConfiguration$JpaWebConfiguration - spring.jpa.open-in-view is enabled by default. Therefore, database queries may be performed during view rendering. Explicitly configure spring.jpa.open-in-view to disable this warning
26/05 - 10:28 [main] INFO  o.a.coyote.http11.Http11NioProtocol - Starting ProtocolHandler ["http-nio-8080"]
26/05 - 10:28 [main] INFO  o.s.b.w.e.tomcat.TomcatWebServer - Tomcat started on port 8080 (http) with context path '/'
26/05 - 10:28 [main] INFO  c.e.t.TodolistSpringReactApplication - Started TodolistSpringReactApplication in 5.991 seconds (process running for 6.841)
26/05 - 10:29 [SpringApplicationShutdownHook] INFO  o.s.o.j.LocalContainerEntityManagerFactoryBean - Closing JPA EntityManagerFactory for persistence unit 'default'
26/05 - 10:29 [SpringApplicationShutdownHook] INFO  com.zaxxer.hikari.HikariDataSource - HikariPool-1 - Shutdown initiated...
26/05 - 10:29 [SpringApplicationShutdownHook] INFO  com.zaxxer.hikari.HikariDataSource - HikariPool-1 - Shutdown completed.
